1551183902376	mozrunner::runner	INFO	Running command: "D:\\火狐\\firefox.exe" "-marionette" "lang=zh_CN.UTF-8" "-headless" "user-agent=\"Mozilla/5.0 (Windows NT 10.0; Win64; x64) AppleWebKit/537.36 (KHTML, like Gecko) Chrome/68.0.3440.106 Safari/537.36\"" "-foreground" "-no-remote" "-profile" "C:\\Users\\LuoChan\\AppData\\Local\\Temp\\rust_mozprofile.cUnwPG4mkTb4"
*** You are running in headless mode.
1551183904418	addons.webextension.screenshots@mozilla.org	WARN	Loading extension 'screenshots@mozilla.org': Reading manifest: Invalid host permission: resource://pdf.js/
1551183904419	addons.webextension.screenshots@mozilla.org	WARN	Loading extension 'screenshots@mozilla.org': Reading manifest: Invalid host permission: about:reader*
1551183907929	Marionette	INFO	Listening on port 2787
1551183908044	Marionette	WARN	TLS certificate errors will be ignored for this session
JavaScript error: , line 0: uncaught exception: null
JavaScript error: , line 0: uncaught exception: null
JavaScript error: , line 0: uncaught exception: null
JavaScript error: , line 0: uncaught exception: null
JavaScript error: , line 0: uncaught exception: null
JavaScript error: , line 0: uncaught exception: null
JavaScript error: , line 0: uncaught exception: null
JavaScript error: , line 0: uncaught exception: null
JavaScript error: , line 0: uncaught exception: null
JavaScript error: , line 0: uncaught exception: null
JavaScript error: , line 0: uncaught exception: null
JavaScript error: , line 0: uncaught exception: null
JavaScript error: , line 0: uncaught exception: null
JavaScript error: , line 0: uncaught exception: null
JavaScript error: , line 0: uncaught exception: null
JavaScript error: , line 0: uncaught exception: null
JavaScript error: , line 0: uncaught exception: null
JavaScript error: , line 0: uncaught exception: null
console.error: PushService: 
  Failed to drop expired registrations on idle
  UnknownError
JavaScript error: , line 0: uncaught exception: null
JavaScript error: , line 0: uncaught exception: null
JavaScript error: , line 0: uncaught exception: null
JavaScript error: , line 0: uncaught exception: null
